<?xml version="1.0" encoding="UTF-8"?>
<testng-results ignored="0" total="1" passed="1" failed="0" skipped="0">
  <reporter-output>
  </reporter-output>
  <suite started-at="2024-11-07T11:01:41 COT" name="Surefire suite" finished-at="2024-11-07T11:01:53 COT" duration-ms="11819">
    <groups>
    </groups>
    <test started-at="2024-11-07T11:01:41 COT" name="Surefire test" finished-at="2024-11-07T11:01:53 COT" duration-ms="11819">
      <class name="com.jms_pages.tests.MenuTest">
        <test-method is-config="true" signature="setUp()[pri:0, instance:com.jms_pages.tests.MenuTest@5db45159]" started-at="2024-11-07T11:01:41 COT" name="setUp" finished-at="2024-11-07T11:01:41 COT" duration-ms="170" status="PASS">
          <reporter-output>
          </reporter-output>
        </test-method> <!-- setUp -->
        <test-method is-config="true" signature="initialize()[pri:0, instance:com.jms_pages.tests.MenuTest@5db45159]" started-at="2024-11-07T11:01:41 COT" name="initialize" finished-at="2024-11-07T11:01:46 COT" duration-ms="5106" status="PASS">
          <reporter-output>
          </reporter-output>
        </test-method> <!-- initialize -->
        <test-method signature="testMenu(org.json.simple.JSONObject)[pri:0, instance:com.jms_pages.tests.MenuTest@5db45159]" started-at="2024-11-07T11:01:46 COT" name="testMenu" data-provider="loginData" finished-at="2024-11-07T11:01:51 COT" duration-ms="5336" status="PASS">
          <params>
            <param index="0">
              <value>
                <![CDATA[{"password":"contraseña1","username":"usuario1"}]]>
              </value>
            </param>
          </params>
          <reporter-output>
          </reporter-output>
        </test-method> <!-- testMenu -->
        <test-method is-config="true" signature="tearDown()[pri:0, instance:com.jms_pages.tests.MenuTest@5db45159]" started-at="2024-11-07T11:01:51 COT" name="tearDown" finished-at="2024-11-07T11:01:53 COT" duration-ms="1153" status="PASS">
          <reporter-output>
          </reporter-output>
        </test-method> <!-- tearDown -->
      </class> <!-- com.jms_pages.tests.MenuTest -->
    </test> <!-- Surefire test -->
  </suite> <!-- Surefire suite -->
</testng-results>
